<?xml version="1.0" encoding="UTF-8"?>
<testng-results ignored="0" total="5" passed="5" failed="0" skipped="0">
  <reporter-output>
  </reporter-output>
  <suite started-at="2022-09-30T17:20:55 WIB" name="Default suite" finished-at="2022-09-30T17:21:45 WIB" duration-ms="49862">
    <groups>
      <group name="cucumber">
        <method signature="AbstractTestNGCucumberTests.runScenario(io.cucumber.testng.PickleWrapper,io.cucumber.testng.FeatureWrapper)[pri:0, instance:com.finansys.pageobject.stepdefinitions.TestRunnerOne@4cc451f2]" name="runScenario" class="io.cucumber.testng.AbstractTestNGCucumberTests"/>
      </group> <!-- cucumber -->
    </groups>
    <test started-at="2022-09-30T17:20:55 WIB" name="Default test" finished-at="2022-09-30T17:21:45 WIB" duration-ms="49862">
      <class name="com.finansys.pageobject.stepdefinitions.TestRunnerOne">
        <test-method is-config="true" signature="setUpClass(org.testng.ITestContext)[pri:0, instance:com.finansys.pageobject.stepdefinitions.TestRunnerOne@4cc451f2]" started-at="2022-09-30T17:20:55 WIB" name="setUpClass" finished-at="2022-09-30T17:20:56 WIB" duration-ms="930" status="PASS">
          <params>
            <param index="0">
              <value>
                <![CDATA[org.testng.TestRunner@51e3d37e]]>
              </value>
            </param>
          </params>
          <reporter-output>
          </reporter-output>
        </test-method> <!-- setUpClass -->
        <test-method signature="runScenario(io.cucumber.testng.PickleWrapper,io.cucumber.testng.FeatureWrapper)[pri:0, instance:com.finansys.pageobject.stepdefinitions.TestRunnerOne@4cc451f2]" started-at="2022-09-30T17:20:56 WIB" name="runScenario" description="Runs Cucumber Scenarios" data-provider="scenarios" finished-at="2022-09-30T17:21:18 WIB" duration-ms="22534" status="PASS">
          <params>
            <param index="0">
              <value>
                <![CDATA["Account failed login one"]]>
              </value>
            </param>
            <param index="1">
              <value>
                <![CDATA["Login Account"]]>
              </value>
            </param>
          </params>
          <reporter-output>
          </reporter-output>
        </test-method> <!-- runScenario -->
        <test-method signature="runScenario(io.cucumber.testng.PickleWrapper,io.cucumber.testng.FeatureWrapper)[pri:0, instance:com.finansys.pageobject.stepdefinitions.TestRunnerOne@4cc451f2]" started-at="2022-09-30T17:21:18 WIB" name="runScenario" description="Runs Cucumber Scenarios" data-provider="scenarios" finished-at="2022-09-30T17:21:19 WIB" duration-ms="1180" status="PASS">
          <params>
            <param index="0">
              <value>
                <![CDATA["Account failed login two"]]>
              </value>
            </param>
            <param index="1">
              <value>
                <![CDATA["Login Account"]]>
              </value>
            </param>
          </params>
          <reporter-output>
          </reporter-output>
        </test-method> <!-- runScenario -->
        <test-method signature="runScenario(io.cucumber.testng.PickleWrapper,io.cucumber.testng.FeatureWrapper)[pri:0, instance:com.finansys.pageobject.stepdefinitions.TestRunnerOne@4cc451f2]" started-at="2022-09-30T17:21:19 WIB" name="runScenario" description="Runs Cucumber Scenarios" data-provider="scenarios" finished-at="2022-09-30T17:21:25 WIB" duration-ms="5662" status="PASS">
          <params>
            <param index="0">
              <value>
                <![CDATA["Account succes login"]]>
              </value>
            </param>
            <param index="1">
              <value>
                <![CDATA["Login Account"]]>
              </value>
            </param>
          </params>
          <reporter-output>
          </reporter-output>
        </test-method> <!-- runScenario -->
        <test-method signature="runScenario(io.cucumber.testng.PickleWrapper,io.cucumber.testng.FeatureWrapper)[pri:0, instance:com.finansys.pageobject.stepdefinitions.TestRunnerOne@4cc451f2]" started-at="2022-09-30T17:21:25 WIB" name="runScenario" description="Runs Cucumber Scenarios" data-provider="scenarios" finished-at="2022-09-30T17:21:28 WIB" duration-ms="2400" status="PASS">
          <params>
            <param index="0">
              <value>
                <![CDATA["Invalid application name"]]>
              </value>
            </param>
            <param index="1">
              <value>
                <![CDATA["Allow user to create an application on the platform"]]>
              </value>
            </param>
          </params>
          <reporter-output>
          </reporter-output>
        </test-method> <!-- runScenario -->
        <test-method signature="runScenario(io.cucumber.testng.PickleWrapper,io.cucumber.testng.FeatureWrapper)[pri:0, instance:com.finansys.pageobject.stepdefinitions.TestRunnerOne@4cc451f2]" started-at="2022-09-30T17:21:28 WIB" name="runScenario" description="Runs Cucumber Scenarios" data-provider="scenarios" finished-at="2022-09-30T17:21:39 WIB" duration-ms="11747" status="PASS">
          <params>
            <param index="0">
              <value>
                <![CDATA["Valid application name"]]>
              </value>
            </param>
            <param index="1">
              <value>
                <![CDATA["Allow user to create an application on the platform"]]>
              </value>
            </param>
          </params>
          <reporter-output>
          </reporter-output>
        </test-method> <!-- runScenario -->
        <test-method is-config="true" signature="tearDownClass()[pri:0, instance:com.finansys.pageobject.stepdefinitions.TestRunnerOne@4cc451f2]" started-at="2022-09-30T17:21:39 WIB" name="tearDownClass" finished-at="2022-09-30T17:21:45 WIB" duration-ms="5323" status="PASS">
          <reporter-output>
          </reporter-output>
        </test-method> <!-- tearDownClass -->
      </class> <!-- com.finansys.pageobject.stepdefinitions.TestRunnerOne -->
    </test> <!-- Default test -->
  </suite> <!-- Default suite -->
</testng-results>
